2026-01-19 10:11:25 [main] INFO  com.automation.utils.Log - Setting up the test environment
2026-01-19 10:11:25 [main] INFO  com.automation.utils.Log - Browser is opening
2026-01-19 10:11:27 [main] INFO  com.automation.utils.Log - Url is launching
2026-01-19 10:11:28 [main] INFO  com.automation.utils.Log - Screenshot saved: 001_InitialPageLoad_20260119_101127.png
2026-01-19 10:11:28 [main] INFO  com.automation.utils.Log - ===== Verify Password Masking Test Started =====
2026-01-19 10:11:28 [main] INFO  com.automation.utils.Log - Checking password field type before input
2026-01-19 10:11:28 [main] INFO  com.automation.utils.Log - Password masking verified before input
2026-01-19 10:11:28 [main] INFO  com.automation.utils.Log - Checking password field type after input
2026-01-19 10:11:28 [main] INFO  com.automation.utils.Log - Password masking verified after input
2026-01-19 10:11:28 [main] INFO  com.automation.utils.Log - ===== Verify Password Masking Test Completed =====
2026-01-19 10:11:28 [main] INFO  com.automation.utils.Log - Test Passed: verifyPasswordMasking
2026-01-19 10:11:28 [main] INFO  com.automation.utils.Log - Browser is closing
2026-01-19 10:11:29 [main] INFO  com.automation.utils.Log - Screenshot saved: 002_TestCompleted_20260119_101128.png
2026-01-19 11:35:15 [main] INFO  com.automation.utils.Log - Setting up the test environment
2026-01-19 11:35:15 [main] INFO  com.automation.utils.Log - Browser is opening
2026-01-19 11:35:17 [main] INFO  com.automation.utils.Log - Url is launching
2026-01-19 11:35:19 [main] INFO  com.automation.utils.Log - Screenshot saved: 001_InitialPageLoad_20260119_113519.png
2026-01-19 11:35:19 [main] INFO  com.automation.utils.Log - ===== Verify Invalid Email Format Validation Test Started =====
2026-01-19 11:35:19 [main] INFO  com.automation.utils.Log - Entering invalid email format and valid password
2026-01-19 11:35:19 [main] INFO  com.automation.utils.Log - Screenshot saved: 002_BeforeEnteringText_20260119_113519.png
2026-01-19 11:35:20 [main] INFO  com.automation.utils.Log - Screenshot saved: 003_AfterEnteringText_jaydeep@apycue_20260119_113519.png
2026-01-19 11:35:20 [main] INFO  com.automation.utils.Log - Screenshot saved: 004_BeforeEnteringText_20260119_113520.png
2026-01-19 11:35:20 [main] INFO  com.automation.utils.Log - Screenshot saved: 005_AfterEnteringText_Apycue@Staging2024!_20260119_113520.png
2026-01-19 11:35:20 [main] INFO  com.automation.utils.Log - Screenshot saved: 006_BeforeClick_20260119_113520.png
2026-01-19 11:35:20 [main] INFO  com.automation.utils.Log - Screenshot saved: 007_AfterClick_20260119_113520.png
2026-01-19 11:35:20 [main] INFO  com.automation.utils.Log - Expected Message: Invalid email address | Actual Message: Invalid email address
2026-01-19 11:35:20 [main] INFO  com.automation.utils.Log - ===== Verify Invalid Email Format Validation Test Completed =====
2026-01-19 11:35:20 [main] INFO  com.automation.utils.Log - Test Passed: verifyInvalidEmailFormatValidation
2026-01-19 11:35:20 [main] INFO  com.automation.utils.Log - Browser is closing
2026-01-19 11:35:21 [main] INFO  com.automation.utils.Log - Screenshot saved: 008_TestCompleted_20260119_113520.png
2026-01-19 11:55:36 [main] INFO  com.automation.utils.Log - Setting up the test environment
2026-01-19 11:55:36 [main] INFO  com.automation.utils.Log - Browser is opening
2026-01-19 11:55:37 [main] INFO  com.automation.utils.Log - Url is launching
2026-01-19 11:55:38 [main] INFO  com.automation.utils.Log - Screenshot saved: 001_InitialPageLoad_20260119_115537.png
2026-01-19 11:55:39 [main] INFO  com.automation.utils.Log - ===== Verify Password Masking Test Started =====
2026-01-19 11:55:39 [main] INFO  com.automation.utils.Log - Checking password field type before input
2026-01-19 11:55:39 [main] INFO  com.automation.utils.Log - Password masking verified before input
2026-01-19 11:55:39 [main] INFO  com.automation.utils.Log - Checking password field type after input
2026-01-19 11:55:39 [main] INFO  com.automation.utils.Log - Password masking verified after input
2026-01-19 11:55:39 [main] INFO  com.automation.utils.Log - Clicking eye icon
2026-01-19 11:55:39 [main] INFO  com.automation.utils.Log - Clicking eye icon again
2026-01-19 11:55:39 [main] INFO  com.automation.utils.Log - ===== Verify Password Masking Test Completed =====
2026-01-19 11:55:39 [main] INFO  com.automation.utils.Log - Test Passed: verifyPasswordMasking
2026-01-19 11:55:39 [main] INFO  com.automation.utils.Log - Browser is closing
2026-01-19 11:55:39 [main] INFO  com.automation.utils.Log - Screenshot saved: 002_TestCompleted_20260119_115539.png
